INFO    : PreTeXt-CLI version: 2.3.10

INFO    : PreTeXt project found in `/workspaces/mi-primer-libro-rjcg/libro-pretext-generico`.
WARNING : Using CLI version 2.3.10 but project's `requirements.txt`
WARNING : is configured to use 2.0.1. Consider either installing
WARNING : CLI version 2.0.1 or running `pretext init --refresh`
WARNING : to update `requirements.txt` to match 2.3.10.
INFO    : Preparing to build into /workspaces/mi-primer-libro-rjcg/libro-pretext-generico/output/web.
INFO    : discovering source file's directory name: /workspaces/mi-primer-libro-rjcg/libro-pretext-generico/source
INFO    : verifying and expanding input directory: /workspaces/mi-primer-libro-rjcg/libro-pretext-generico/source/../generated-assets
INFO    : input directory expanded to absolute path: /workspaces/mi-primer-libro-rjcg/libro-pretext-generico/generated-assets
INFO    : verifying and expanding input directory: /workspaces/mi-primer-libro-rjcg/libro-pretext-generico/source/../assets
INFO    : input directory expanded to absolute path: /workspaces/mi-primer-libro-rjcg/libro-pretext-generico/assets
INFO    : Runestone Services (via PreTeXt repository): version 7.2.9
INFO    : Runestone Services (using newer, via online CDN query): version 7.2.16
INFO    : converting /workspaces/mi-primer-libro-rjcg/libro-pretext-generico/source/main.ptx to HTML in /tmp/ptx-4rf9jyml
INFO    : XSL conversion of /workspaces/mi-primer-libro-rjcg/libro-pretext-generico/source/main.ptx by /home/vscode/.ptx/xsl/pretext-html.xsl
INFO    : messages from the log for XSL processing (indented):
INFO    :     * PTX:ERROR:      The @xml:id "nombre.seccion" is invalid.  Use only letters, numbers, hyphens and underscores.
INFO    :     * PTX:DEPRECATE: (2023-08-08) a "website" element with "address" and "name" children has changed.  Continue to use the "website" element as before, but replace the "address" and "name" children with a single "url" element, which is more flexible and reliable.  We will try to honor your intent, but you may prefer your own adjustments. (1 time)
INFO    :     *              located within: "front-colophon" (xml:id)
INFO    :     * --------------
INFO    :     * PTX:WARNING: could not translate string with id "backmatter" into language for code "es-ES"
INFO    :     * PTX:WARNING: could not translate string with id "search-results-heading" into language for code "es-ES"
INFO    :     * PTX:WARNING: could not translate string with id "no-search-results" into language for code "es-ES"
INFO    :     * PTX:WARNING: could not translate string with id "backmatter" into language for code "es-ES"
INFO    :     * PTX:WARNING: could not translate string with id "search-results-heading" into language for code "es-ES"
INFO    :     * PTX:WARNING: could not translate string with id "no-search-results" into language for code "es-ES"
INFO    :     * PTX:WARNING: could not translate string with id "backmatter" into language for code "es-ES"
INFO    :     * PTX:WARNING: could not translate string with id "website" into language for code "es-ES"
INFO    :     * PTX:WARNING: could not translate string with id "search-results-heading" into language for code "es-ES"
INFO    :     * PTX:WARNING: could not translate string with id "no-search-results" into language for code "es-ES"
INFO    :     * PTX:WARNING: could not translate string with id "backmatter" into language for code "es-ES"
INFO    :     * PTX:WARNING: could not translate string with id "search-results-heading" into language for code "es-ES"
INFO    :     * PTX:WARNING: could not translate string with id "no-search-results" into language for code "es-ES"
INFO    :     * PTX:WARNING: could not translate string with id "backmatter" into language for code "es-ES"
INFO    :     * PTX:WARNING: could not translate string with id "search-results-heading" into language for code "es-ES"
INFO    :     * PTX:WARNING: could not translate string with id "no-search-results" into language for code "es-ES"
INFO    :     * PTX:WARNING: could not translate string with id "backmatter" into language for code "es-ES"
INFO    :     * PTX:WARNING: could not translate string with id "search-results-heading" into language for code "es-ES"
INFO    :     * PTX:WARNING: could not translate string with id "no-search-results" into language for code "es-ES"
INFO    :     * PTX:WARNING: could not translate string with id "backmatter" into language for code "es-ES"
INFO    :     * PTX:WARNING: could not translate string with id "search-results-heading" into language for code "es-ES"
INFO    :     * PTX:WARNING: could not translate string with id "no-search-results" into language for code "es-ES"
INFO    :     * PTX:WARNING: could not translate string with id "backmatter" into language for code "es-ES"
INFO    :     * PTX:WARNING: could not translate string with id "search-results-heading" into language for code "es-ES"
INFO    :     * PTX:WARNING: could not translate string with id "no-search-results" into language for code "es-ES"
INFO    :     * PTX:WARNING: could not translate string with id "backmatter" into language for code "es-ES"
INFO    :     * PTX:WARNING: could not translate string with id "search-results-heading" into language for code "es-ES"
INFO    :     * PTX:WARNING: could not translate string with id "no-search-results" into language for code "es-ES"
INFO    :     * PTX:WARNING: could not translate string with id "backmatter" into language for code "es-ES"
INFO    :     * PTX:WARNING: could not translate string with id "backmatter" into language for code "es-ES"
INFO    :     * PTX:WARNING: could not translate string with id "search-results-heading" into language for code "es-ES"
INFO    :     * PTX:WARNING: could not translate string with id "no-search-results" into language for code "es-ES"
INFO    :     * PTX:WARNING: could not translate string with id "backmatter" into language for code "es-ES"
INFO    :     * PTX:WARNING: could not translate string with id "search-results-heading" into language for code "es-ES"
INFO    :     * PTX:WARNING: could not translate string with id "no-search-results" into language for code "es-ES"
INFO    :     * PTX:WARNING: could not translate string with id "backmatter" into language for code "es-ES"
INFO    :     * PTX:WARNING: could not translate string with id "search-results-heading" into language for code "es-ES"
INFO    :     * PTX:WARNING: could not translate string with id "no-search-results" into language for code "es-ES"
INFO    :     * PTX:WARNING: could not translate string with id "backmatter" into language for code "es-ES"
INFO    : successful application of /home/vscode/.ptx/xsl/pretext-html.xsl
INFO    : 
Success! Run `pretext view` to see the results.

